# JRE version: OpenJDK Runtime Environment (8.0_212-b03) (build 1.8.0_212-8u212-b03-0ubuntu1.18.04.1-b03)
# Java VM: OpenJDK 64-Bit Server VM (25.212-b03 mixed mode linux-amd64 compressed oops)
Heap:
 PSYoungGen      total 163328K, used 53839K [0x00000000d6f80000, 0x00000000e4b80000, 0x0000000100000000)
  eden space 141312K, 38% used [0x00000000d6f80000,0x00000000da413ff0,0x00000000df980000)
  from space 22016K, 0% used [0x00000000df980000,0x00000000df980000,0x00000000e0f00000)
  to   space 21504K, 0% used [0x00000000e3680000,0x00000000e3680000,0x00000000e4b80000)
 ParOldGen       total 260096K, used 28127K [0x0000000084e00000, 0x0000000094c00000, 0x00000000d6f80000)
  object space 260096K, 10% used [0x0000000084e00000,0x0000000086977f18,0x0000000094c00000)
 Metaspace       used 13134K, capacity 13332K, committed 13696K, reserved 1060864K
  class space    used 1480K, capacity 1542K, committed 1664K, reserved 1048576K
GC Heap History (10 events):
Event: 11.329 GC heap before
{Heap before GC invocations=12 (full 3):
 PSYoungGen      total 124928K, used 107805K [0x00000000d6f80000, 0x00000000e0680000, 0x0000000100000000)
  eden space 107520K, 100% used [0x00000000d6f80000,0x00000000dd880000,0x00000000dd880000)
  from space 17408K, 1% used [0x00000000df580000,0x00000000df5c77f8,0x00000000e0680000)
  to   space 23552K, 0% used [0x00000000dd880000,0x00000000dd880000,0x00000000def80000)
 ParOldGen       total 283648K, used 131444K [0x0000000084e00000, 0x0000000096300000, 0x00000000d6f80000)
  object space 283648K, 46% used [0x0000000084e00000,0x000000008ce5d240,0x0000000096300000)
 Metaspace       used 12630K, capacity 12820K, committed 13056K, reserved 1060864K
  class space    used 1395K, capacity 1478K, committed 1536K, reserved 1048576K
Event: 11.338 GC heap after
Heap after GC invocations=12 (full 3):
 PSYoungGen      total 131072K, used 458K [0x00000000d6f80000, 0x00000000e2700000, 0x0000000100000000)
  eden space 107520K, 0% used [0x00000000d6f80000,0x00000000d6f80000,0x00000000dd880000)
  from space 23552K, 1% used [0x00000000dd880000,0x00000000dd8f2900,0x00000000def80000)
  to   space 23040K, 0% used [0x00000000e1080000,0x00000000e1080000,0x00000000e2700000)
 ParOldGen       total 283648K, used 207877K [0x0000000084e00000, 0x0000000096300000, 0x00000000d6f80000)
  object space 283648K, 73% used [0x0000000084e00000,0x00000000919014e8,0x0000000096300000)
 Metaspace       used 12630K, capacity 12820K, committed 13056K, reserved 1060864K
  class space    used 1395K, capacity 1478K, committed 1536K, reserved 1048576K
}
Event: 11.339 GC heap before
{Heap before GC invocations=13 (full 4):
 PSYoungGen      total 131072K, used 458K [0x00000000d6f80000, 0x00000000e2700000, 0x0000000100000000)
  eden space 107520K, 0% used [0x00000000d6f80000,0x00000000d6f80000,0x00000000dd880000)
  from space 23552K, 1% used [0x00000000dd880000,0x00000000dd8f2900,0x00000000def80000)
  to   space 23040K, 0% used [0x00000000e1080000,0x00000000e1080000,0x00000000e2700000)
 ParOldGen       total 283648K, used 207877K [0x0000000084e00000, 0x0000000096300000, 0x00000000d6f80000)
  object space 283648K, 73% used [0x0000000084e00000,0x00000000919014e8,0x0000000096300000)
 Metaspace       used 12630K, capacity 12820K, committed 13056K, reserved 1060864K
  class space    used 1395K, capacity 1478K, committed 1536K, reserved 1048576K
Event: 11.362 GC heap after
Heap after GC invocations=13 (full 4):
 PSYoungGen      total 131072K, used 0K [0x00000000d6f80000, 0x00000000e2700000, 0x0000000100000000)
  eden space 107520K, 0% used [0x00000000d6f80000,0x00000000d6f80000,0x00000000dd880000)
  from space 23552K, 0% used [0x00000000dd880000,0x00000000dd880000,0x00000000def80000)
  to   space 23040K, 0% used [0x00000000e1080000,0x00000000e1080000,0x00000000e2700000)
 ParOldGen       total 218112K, used 28272K [0x0000000084e00000, 0x0000000092300000, 0x00000000d6f80000)
  object space 218112K, 12% used [0x0000000084e00000,0x000000008699c370,0x0000000092300000)
 Metaspace       used 12630K, capacity 12820K, committed 13056K, reserved 1060864K
  class space    used 1395K, capacity 1478K, committed 1536K, reserved 1048576K
}
Event: 12.534 GC heap before
{Heap before GC invocations=14 (full 4):
 PSYoungGen      total 131072K, used 107520K [0x00000000d6f80000, 0x00000000e2700000, 0x0000000100000000)
  eden space 107520K, 100% used [0x00000000d6f80000,0x00000000dd880000,0x00000000dd880000)
  from space 23552K, 0% used [0x00000000dd880000,0x00000000dd880000,0x00000000def80000)
  to   space 23040K, 0% used [0x00000000e1080000,0x00000000e1080000,0x00000000e2700000)
 ParOldGen       total 218112K, used 28272K [0x0000000084e00000, 0x0000000092300000, 0x00000000d6f80000)
  object space 218112K, 12% used [0x0000000084e00000,0x000000008699c370,0x0000000092300000)
 Metaspace       used 12644K, capacity 12820K, committed 13056K, reserved 1060864K
  class space    used 1395K, capacity 1478K, committed 1536K, reserved 1048576K
Event: 12.543 GC heap after
Heap after GC invocations=14 (full 4):
 PSYoungGen      total 161792K, used 305K [0x00000000d6f80000, 0x00000000e2480000, 0x0000000100000000)
  eden space 141312K, 0% used [0x00000000d6f80000,0x00000000d6f80000,0x00000000df980000)
  from space 20480K, 1% used [0x00000000e1080000,0x00000000e10cc538,0x00000000e2480000)
  to   space 22016K, 0% used [0x00000000df980000,0x00000000df980000,0x00000000e0f00000)
 ParOldGen       total 218112K, used 104713K [0x0000000084e00000, 0x0000000092300000, 0x00000000d6f80000)
  object space 218112K, 48% used [0x0000000084e00000,0x000000008b442618,0x0000000092300000)
 Metaspace       used 12644K, capacity 12820K, committed 13056K, reserved 1060864K
  class space    used 1395K, capacity 1478K, committed 1536K, reserved 1048576K
}
Event: 14.889 GC heap before
{Heap before GC invocations=15 (full 4):
 PSYoungGen      total 161792K, used 129325K [0x00000000d6f80000, 0x00000000e2480000, 0x0000000100000000)
  eden space 141312K, 91% used [0x00000000d6f80000,0x00000000ded7efb8,0x00000000df980000)
  from space 20480K, 1% used [0x00000000e1080000,0x00000000e10cc538,0x00000000e2480000)
  to   space 22016K, 0% used [0x00000000df980000,0x00000000df980000,0x00000000e0f00000)
 ParOldGen       total 218112K, used 104713K [0x0000000084e00000, 0x0000000092300000, 0x00000000d6f80000)
  object space 218112K, 48% used [0x0000000084e00000,0x000000008b442618,0x0000000092300000)
 Metaspace       used 13128K, capacity 13268K, committed 13440K, reserved 1060864K
  class space    used 1479K, capacity 1542K, committed 1664K, reserved 1048576K
Event: 14.901 GC heap after
Heap after GC invocations=15 (full 4):
 PSYoungGen      total 163328K, used 635K [0x00000000d6f80000, 0x00000000e4b80000, 0x0000000100000000)
  eden space 141312K, 0% used [0x00000000d6f80000,0x00000000d6f80000,0x00000000df980000)
  from space 22016K, 2% used [0x00000000df980000,0x00000000dfa1ed60,0x00000000e0f00000)
  to   space 21504K, 0% used [0x00000000e3680000,0x00000000e3680000,0x00000000e4b80000)
 ParOldGen       total 218112K, used 181154K [0x0000000084e00000, 0x0000000092300000, 0x00000000d6f80000)
  object space 218112K, 83% used [0x0000000084e00000,0x000000008fee88c0,0x0000000092300000)
 Metaspace       used 13128K, capacity 13268K, committed 13440K, reserved 1060864K
  class space    used 1479K, capacity 1542K, committed 1664K, reserved 1048576K
}
Event: 14.901 GC heap before
{Heap before GC invocations=16 (full 5):
 PSYoungGen      total 163328K, used 635K [0x00000000d6f80000, 0x00000000e4b80000, 0x0000000100000000)
  eden space 141312K, 0% used [0x00000000d6f80000,0x00000000d6f80000,0x00000000df980000)
  from space 22016K, 2% used [0x00000000df980000,0x00000000dfa1ed60,0x00000000e0f00000)
  to   space 21504K, 0% used [0x00000000e3680000,0x00000000e3680000,0x00000000e4b80000)
 ParOldGen       total 218112K, used 181154K [0x0000000084e00000, 0x0000000092300000, 0x00000000d6f80000)
  object space 218112K, 83% used [0x0000000084e00000,0x000000008fee88c0,0x0000000092300000)
 Metaspace       used 13128K, capacity 13268K, committed 13440K, reserved 1060864K
  class space    used 1479K, capacity 1542K, committed 1664K, reserved 1048576K
Event: 14.916 GC heap after
Heap after GC invocations=16 (full 5):
 PSYoungGen      total 163328K, used 0K [0x00000000d6f80000, 0x00000000e4b80000, 0x0000000100000000)
  eden space 141312K, 0% used [0x00000000d6f80000,0x00000000d6f80000,0x00000000df980000)
  from space 22016K, 0% used [0x00000000df980000,0x00000000df980000,0x00000000e0f00000)
  to   space 21504K, 0% used [0x00000000e3680000,0x00000000e3680000,0x00000000e4b80000)
 ParOldGen       total 260096K, used 28127K [0x0000000084e00000, 0x0000000094c00000, 0x00000000d6f80000)
  object space 260096K, 10% used [0x0000000084e00000,0x0000000086977f18,0x0000000094c00000)
 Metaspace       used 13128K, capacity 13268K, committed 13440K, reserved 1060864K
  class space    used 1479K, capacity 1542K, committed 1664K, reserved 1048576K
}

